<?xml version="1.0" encoding="UTF-8"?>
<!-- Generated by org.testng.reporters.JUnitReportReporter -->
<testsuite hostname="DESKTOP-1K40414" failures="0" tests="1" name="php.crm.Vtiger.project31.campaignTest.Pratice" time="0.016" errors="0" timestamp="2022-10-16T11:06:13 IST" skipped="0">
  <testcase classname="php.crm.Vtiger.project31.campaignTest.Pratice" name="demo" time="0.016"/>
  <system-out/>
</testsuite> <!-- php.crm.Vtiger.project31.campaignTest.Pratice -->
